<?xml version="1.0" encoding="UTF-8"?>
<!-- Generated by org.testng.reporters.JUnitReportReporter -->
<testsuite hostname="DESKTOP-OB1SF68" failures="0" tests="4" name="automationteststore.TestCases" time="10.369" errors="0" timestamp="2024-02-14T19:38:26 EET" skipped="1">
  <testcase classname="automationteststore.TestCases" name="SignUp" time="8.623"/>
  <testcase classname="automationteststore.TestCases" name="Logout" time="0.645"/>
  <testcase classname="automationteststore.TestCases" name="Login" time="1.101"/>
  <testcase classname="automationteststore.TestCases" name="AddSkipConditioner">
    <skipped/>
  </testcase> <!-- AddSkipConditioner -->
</testsuite> <!-- automationteststore.TestCases -->
