<?xml version="1.0" encoding="UTF-8"?>
<!-- Generated by org.testng.reporters.JUnitReportReporter -->
<testsuite hostname="DESKTOP-OB1SF68" failures="0" tests="11" name="automationteststore.TestCases" time="20.824" errors="0" timestamp="2024-02-28T11:44:19 EET" skipped="0">
  <testcase classname="automationteststore.TestCases" name="SignUp" time="6.291"/>
  <testcase classname="automationteststore.TestCases" name="Logout" time="0.377"/>
  <testcase classname="automationteststore.TestCases" name="Login" time="0.960"/>
  <testcase classname="automationteststore.TestCases" name="AddOneSkipOneConditioner" time="2.566"/>
  <testcase classname="automationteststore.TestCases" name="SumAllPrices" time="0.417"/>
  <testcase classname="automationteststore.TestCases" name="Checkout" time="2.794"/>
  <testcase classname="automationteststore.TestCases" name="CheckContactNum" time="0.059"/>
  <testcase classname="automationteststore.TestCases" name="SiteMapInUpperCase" time="1.345"/>
  <testcase classname="automationteststore.TestCases" name="SumPriceOfSectionsHomePage" time="3.011"/>
  <testcase classname="automationteststore.TestCases" name="PaymentMethodsInFooter" time="0.564"/>
  <testcase classname="automationteststore.TestCases" name="NavigateToLinkedInAndBackToWebsite" time="2.440"/>
</testsuite> <!-- automationteststore.TestCases -->
