<?xml version="1.0" encoding="UTF-8"?>
<!-- Generated by org.testng.reporters.JUnitReportReporter -->
<testsuite hostname="DESKTOP-OB1SF68" failures="0" tests="11" name="automationteststore.TestCases" time="2.909" errors="0" timestamp="2024-02-19T21:20:35 EET" skipped="9">
  <testcase classname="automationteststore.TestCases" name="CheckContactNum" time="0.176"/>
  <testcase classname="automationteststore.TestCases" name="NavigateToLinkedInAndBackToWebsite" time="2.733"/>
  <testcase classname="automationteststore.TestCases" name="SignUp">
    <skipped/>
  </testcase> <!-- SignUp -->
  <testcase classname="automationteststore.TestCases" name="Checkout">
    <skipped/>
  </testcase> <!-- Checkout -->
  <testcase classname="automationteststore.TestCases" name="SumAllPrices">
    <skipped/>
  </testcase> <!-- SumAllPrices -->
  <testcase classname="automationteststore.TestCases" name="SumPriceOfSectionsHomePage">
    <skipped/>
  </testcase> <!-- SumPriceOfSectionsHomePage -->
  <testcase classname="automationteststore.TestCases" name="SiteMapInUpperCase">
    <skipped/>
  </testcase> <!-- SiteMapInUpperCase -->
  <testcase classname="automationteststore.TestCases" name="PaymentMethodsInFooter">
    <skipped/>
  </testcase> <!-- PaymentMethodsInFooter -->
  <testcase classname="automationteststore.TestCases" name="Login">
    <skipped/>
  </testcase> <!-- Login -->
  <testcase classname="automationteststore.TestCases" name="Logout">
    <skipped/>
  </testcase> <!-- Logout -->
  <testcase classname="automationteststore.TestCases" name="AddOneSkipOneConditioner">
    <skipped/>
  </testcase> <!-- AddOneSkipOneConditioner -->
</testsuite> <!-- automationteststore.TestCases -->
