<?xml version="1.0" encoding="UTF-8"?>
<!-- Generated by org.testng.reporters.JUnitReportReporter -->
<testsuite hostname="DESKTOP-OB1SF68" failures="0" tests="11" name="automationteststore.TestCases" time="0.385" errors="0" timestamp="2024-02-19T18:25:11 EET" skipped="10">
  <testcase classname="automationteststore.TestCases" name="SumPriceOfSectionsHomePage" time="0.385"/>
  <testcase classname="automationteststore.TestCases" name="SiteMapInUpperCase">
    <skipped/>
  </testcase> <!-- SiteMapInUpperCase -->
  <testcase classname="automationteststore.TestCases" name="Logout">
    <skipped/>
  </testcase> <!-- Logout -->
  <testcase classname="automationteststore.TestCases" name="NavigateToLinkedInAndBackToWebsite">
    <skipped/>
  </testcase> <!-- NavigateToLinkedInAndBackToWebsite -->
  <testcase classname="automationteststore.TestCases" name="PaymentMethodsInFooter">
    <skipped/>
  </testcase> <!-- PaymentMethodsInFooter -->
  <testcase classname="automationteststore.TestCases" name="SumAllPrices">
    <skipped/>
  </testcase> <!-- SumAllPrices -->
  <testcase classname="automationteststore.TestCases" name="SignUp">
    <skipped/>
  </testcase> <!-- SignUp -->
  <testcase classname="automationteststore.TestCases" name="CheckContactNum">
    <skipped/>
  </testcase> <!-- CheckContactNum -->
  <testcase classname="automationteststore.TestCases" name="Checkout">
    <skipped/>
  </testcase> <!-- Checkout -->
  <testcase classname="automationteststore.TestCases" name="Login">
    <skipped/>
  </testcase> <!-- Login -->
  <testcase classname="automationteststore.TestCases" name="AddOneSkipOneConditioner">
    <skipped/>
  </testcase> <!-- AddOneSkipOneConditioner -->
</testsuite> <!-- automationteststore.TestCases -->
