<?xml version="1.0" encoding="UTF-8"?>
<!-- Generated by org.testng.reporters.JUnitReportReporter -->
<testsuite hostname="DESKTOP-OB1SF68" failures="0" tests="6" name="automationteststore.TestCases" time="26.176" errors="0" timestamp="2024-02-15T19:01:52 EET" skipped="0">
  <testcase classname="automationteststore.TestCases" name="SignUp" time="10.514"/>
  <testcase classname="automationteststore.TestCases" name="Logout" time="1.792"/>
  <testcase classname="automationteststore.TestCases" name="Login" time="1.480"/>
  <testcase classname="automationteststore.TestCases" name="AddSkipConditioner" time="6.123"/>
  <testcase classname="automationteststore.TestCases" name="SumAllPrices" time="1.222"/>
  <testcase classname="automationteststore.TestCases" name="Checkout" time="5.045"/>
</testsuite> <!-- automationteststore.TestCases -->
