<?xml version="1.0" encoding="UTF-8"?>
<!-- Generated by org.testng.reporters.JUnitReportReporter -->
<testsuite hostname="DESKTOP-OB1SF68" failures="0" tests="5" name="automationteststore.SignUpStep" time="8.605" errors="0" timestamp="2024-02-24T09:43:08 EET" skipped="0">
  <testcase classname="automationteststore.SignUpStep" name="browser_is_open" time="2.035"/>
  <testcase classname="automationteststore.SignUpStep" name="user_is_on_sign_up_page" time="0.931"/>
  <testcase classname="automationteststore.SignUpStep" name="user_enters_all_feilds" time="4.811"/>
  <testcase classname="automationteststore.SignUpStep" name="user_clicks_sign_up_button_or_continue" time="0.775"/>
  <testcase classname="automationteststore.SignUpStep" name="user_is_navigated_to_home_page" time="0.053"/>
</testsuite> <!-- automationteststore.SignUpStep -->
