<?xml version="1.0" encoding="UTF-8"?>
<!-- Generated by org.testng.reporters.JUnitReportReporter -->
<testsuite hostname="DESKTOP-OB1SF68" failures="0" tests="5" name="automationteststore.SignUpStep" time="9.068" errors="0" timestamp="2024-02-21T19:13:48 EET" skipped="0">
  <testcase classname="automationteststore.SignUpStep" name="browser_is_open" time="1.636"/>
  <testcase classname="automationteststore.SignUpStep" name="user_is_on_sign_up_page" time="0.945"/>
  <testcase classname="automationteststore.SignUpStep" name="user_enters_all_feilds" time="5.636"/>
  <testcase classname="automationteststore.SignUpStep" name="user_clicks_sign_up_button_or_continue" time="0.774"/>
  <testcase classname="automationteststore.SignUpStep" name="user_is_navigated_to_home_page" time="0.077"/>
</testsuite> <!-- automationteststore.SignUpStep -->
