<?xml version="1.0" encoding="UTF-8"?>
<!-- Generated by org.testng.reporters.JUnitReportReporter -->
<testsuite hostname="DESKTOP-OB1SF68" failures="0" tests="3" name="automationteststore.ChangePasswordStep" time="3.266" errors="0" timestamp="2024-02-24T09:43:08 EET" skipped="0">
  <testcase classname="automationteststore.ChangePasswordStep" name="navigate_to_change_password_page" time="0.280"/>
  <testcase classname="automationteststore.ChangePasswordStep" name="user_input_current_password_new_password_press_continue" time="2.926"/>
  <testcase classname="automationteststore.ChangePasswordStep" name="password_should_be_changed" time="0.060"/>
</testsuite> <!-- automationteststore.ChangePasswordStep -->
